[30-11-2014 19:07:52] - [INFO ] (org.hibernate.annotations.common.Version:37) - HCANN000001: Hibernate Commons Annotations {4.0.1.Final}
[30-11-2014 19:07:52] - [INFO ] (org.hibernate.Version:41) - HHH000412: Hibernate Core {4.2.0.Final}
[30-11-2014 19:07:52] - [INFO ] (org.hibernate.cfg.Environment:239) - HHH000206: hibernate.properties not found
[30-11-2014 19:07:52] - [INFO ] (org.hibernate.cfg.Environment:342) - HHH000021: Bytecode provider name : javassist
[30-11-2014 19:07:52] - [INFO ] (org.hibernate.service.jdbc.connections.internal.DriverManagerConnectionProviderImpl:98) - HHH000402: Using Hibernate built-in connection pool (not for production use!)
[30-11-2014 19:07:52] - [INFO ] (org.hibernate.service.jdbc.connections.internal.DriverManagerConnectionProviderImpl:160) - HHH000030: Cleaning up connection pool [null]
[30-11-2014 19:17:14] - [INFO ] (org.hibernate.annotations.common.Version:37) - HCANN000001: Hibernate Commons Annotations {4.0.1.Final}
[30-11-2014 19:17:14] - [INFO ] (org.hibernate.Version:41) - HHH000412: Hibernate Core {4.2.0.Final}
[30-11-2014 19:17:14] - [INFO ] (org.hibernate.cfg.Environment:239) - HHH000206: hibernate.properties not found
[30-11-2014 19:17:14] - [INFO ] (org.hibernate.cfg.Environment:342) - HHH000021: Bytecode provider name : javassist
[30-11-2014 19:17:14] - [INFO ] (org.hibernate.service.jdbc.connections.internal.DriverManagerConnectionProviderImpl:98) - HHH000402: Using Hibernate built-in connection pool (not for production use!)
[30-11-2014 19:17:14] - [INFO ] (org.hibernate.service.jdbc.connections.internal.DriverManagerConnectionProviderImpl:134) - HHH000115: Hibernate connection pool size: 20
[30-11-2014 19:17:14] - [INFO ] (org.hibernate.service.jdbc.connections.internal.DriverManagerConnectionProviderImpl:137) - HHH000006: Autocommit mode: false
[30-11-2014 19:17:14] - [INFO ] (org.hibernate.service.jdbc.connections.internal.DriverManagerConnectionProviderImpl:151) - HHH000401: using driver [org.h2.Driver] at URL [jdbc:h2:~/netcoffee/netcoffee-db]
[30-11-2014 19:17:14] - [INFO ] (org.hibernate.service.jdbc.connections.internal.DriverManagerConnectionProviderImpl:156) - HHH000046: Connection properties: {autoReconnect=true, user=sa, password=****}
[30-11-2014 19:17:14] - [INFO ] (org.hibernate.dialect.Dialect:128) - HHH000400: Using dialect: org.hibernate.dialect.H2Dialect
[30-11-2014 19:17:14] - [INFO ] (org.hibernate.engine.transaction.internal.TransactionFactoryInitiator:68) - HHH000399: Using default transaction strategy (direct JDBC transactions)
[30-11-2014 19:17:14] - [INFO ] (org.hibernate.hql.internal.ast.ASTQueryTranslatorFactory:48) - HHH000397: Using ASTQueryTranslatorFactory
[30-11-2014 19:17:14] - [INFO ] (org.hibernate.tool.hbm2ddl.SchemaExport:343) - HHH000227: Running hbm2ddl schema export
[30-11-2014 19:17:14] - [INFO ] (org.hibernate.tool.hbm2ddl.SchemaExport:405) - HHH000230: Schema export complete
[30-11-2014 19:17:14] - [INFO ] (com.clinet.Main:75) - Connection for CommonRemote is created
[30-11-2014 19:20:21] - [INFO ] (org.hibernate.annotations.common.Version:37) - HCANN000001: Hibernate Commons Annotations {4.0.1.Final}
[30-11-2014 19:20:21] - [INFO ] (org.hibernate.Version:41) - HHH000412: Hibernate Core {4.2.0.Final}
[30-11-2014 19:20:21] - [INFO ] (org.hibernate.cfg.Environment:239) - HHH000206: hibernate.properties not found
[30-11-2014 19:20:21] - [INFO ] (org.hibernate.cfg.Environment:342) - HHH000021: Bytecode provider name : javassist
[30-11-2014 19:20:21] - [INFO ] (org.hibernate.service.jdbc.connections.internal.DriverManagerConnectionProviderImpl:98) - HHH000402: Using Hibernate built-in connection pool (not for production use!)
[30-11-2014 19:20:21] - [INFO ] (org.hibernate.service.jdbc.connections.internal.DriverManagerConnectionProviderImpl:134) - HHH000115: Hibernate connection pool size: 20
[30-11-2014 19:20:21] - [INFO ] (org.hibernate.service.jdbc.connections.internal.DriverManagerConnectionProviderImpl:137) - HHH000006: Autocommit mode: false
[30-11-2014 19:20:21] - [INFO ] (org.hibernate.service.jdbc.connections.internal.DriverManagerConnectionProviderImpl:151) - HHH000401: using driver [org.h2.Driver] at URL [jdbc:h2:~/netcoffee/netcoffee-db]
[30-11-2014 19:20:21] - [INFO ] (org.hibernate.service.jdbc.connections.internal.DriverManagerConnectionProviderImpl:156) - HHH000046: Connection properties: {autoReconnect=true, user=sa, password=****}
[30-11-2014 19:20:21] - [INFO ] (org.hibernate.dialect.Dialect:128) - HHH000400: Using dialect: org.hibernate.dialect.H2Dialect
[30-11-2014 19:20:21] - [INFO ] (org.hibernate.engine.transaction.internal.TransactionFactoryInitiator:68) - HHH000399: Using default transaction strategy (direct JDBC transactions)
[30-11-2014 19:20:21] - [INFO ] (org.hibernate.hql.internal.ast.ASTQueryTranslatorFactory:48) - HHH000397: Using ASTQueryTranslatorFactory
[30-11-2014 19:20:21] - [INFO ] (org.hibernate.tool.hbm2ddl.SchemaExport:343) - HHH000227: Running hbm2ddl schema export
[30-11-2014 19:20:22] - [INFO ] (org.hibernate.tool.hbm2ddl.SchemaExport:405) - HHH000230: Schema export complete
[30-11-2014 19:20:22] - [INFO ] (com.clinet.Main:75) - Connection for CommonRemote is created
